빌드 시작: 2017-07-21 오후 1:57:29
     1>2 노드의 "C:\Users\jjang\Documents\E드라이브백업\연구자료\대학원\gammatone_cuda\gammatone_cuda\gammatone_cuda.vcxproj" 프로젝트(Build 대상)입니다.
     1>AddCudaCompileDeps:
         C:\Program Files (x86)\Microsoft Visual Studio 12.0\VC\bin\x86_amd64\cl.exe /E /nologo /showIncludes /TP /D__CUDACC__ /DWIN32 /DWIN64 /D_DEBUG /D_CONSOLE /D_MBCS /I"C:\Program Files\NVIDIA GPU Computing Toolkit\CUDA\v8.0\include" /I"C:\Program Files\NVIDIA GPU Computing Toolkit\CUDA\v8.0\bin" /I"C:\Program Files\NVIDIA GPU Computing Toolkit\CUDA\v8.0\include" /I. /FIcuda_runtime.h /c C:\Users\jjang\Documents\E드라이브백업\연구자료\대학원\gammatone_cuda\gammatone_cuda\gammatone.cu 
       AddCudaCompileDeps:
         C:\Program Files (x86)\Microsoft Visual Studio 12.0\VC\bin\x86_amd64\cl.exe /E /nologo /showIncludes /TP /D__CUDACC__ /DWIN32 /DWIN64 /D_DEBUG /D_CONSOLE /D_MBCS /I"C:\Program Files\NVIDIA GPU Computing Toolkit\CUDA\v8.0\include" /I"C:\Program Files\NVIDIA GPU Computing Toolkit\CUDA\v8.0\bin" /I"C:\Program Files\NVIDIA GPU Computing Toolkit\CUDA\v8.0\include" /I. /FIcuda_runtime.h /c C:\Users\jjang\Documents\E드라이브백업\연구자료\대학원\gammatone_cuda\gammatone_cuda\main.cu 
     1>"C:\Users\jjang\Documents\E드라이브백업\연구자료\대학원\gammatone_cuda\gammatone_cuda\gammatone_cuda.vcxproj"(1) 프로젝트가 1 노드에서 "C:\Users\jjang\Documents\E드라이브백업\연구자료\대학원\gammatone_cuda\gammatone_cuda\gammatone_cuda.vcxproj"(1:3)을(를) 빌드하고 있습니다(CudaBuildCore 대상).
     1>CudaBuildCore:
         Compiling CUDA source file main.cu...
         cmd.exe /C "C:\Users\jjang\AppData\Local\Temp\tmp48169ba8c0444609bd559eb586482743.cmd"
         "C:\Program Files\NVIDIA GPU Computing Toolkit\CUDA\v8.0\bin\nvcc.exe" -gencode=arch=compute_20,code=\"sm_20,compute_20\" --use-local-env --cl-version 2013 -ccbin "C:\Program Files (x86)\Microsoft Visual Studio 12.0\VC\bin\x86_amd64"  -I"C:\Program Files\NVIDIA GPU Computing Toolkit\CUDA\v8.0\include" -I"C:\Program Files\NVIDIA GPU Computing Toolkit\CUDA\v8.0\include"  -G   --keep-dir x64\Debug -maxrregcount=0 --ptxas-options=-v --machine 64 --compile -cudart static  -g   -DWIN32 -DWIN64 -D_DEBUG -D_CONSOLE -D_MBCS -Xcompiler "/EHsc /W3 /nologo /Od /FS /Zi /RTC1 /MDd " -o x64\Debug\main.cu.obj "C:\Users\jjang\Documents\E드라이브백업\연구자료\대학원\gammatone_cuda\gammatone_cuda\main.cu"
         
         C:\Users\jjang\Documents\E드라이브백업\연구자료\대학원\gammatone_cuda\gammatone_cuda>"C:\Program Files\NVIDIA GPU Computing Toolkit\CUDA\v8.0\bin\nvcc.exe" -gencode=arch=compute_20,code=\"sm_20,compute_20\" --use-local-env --cl-version 2013 -ccbin "C:\Program Files (x86)\Microsoft Visual Studio 12.0\VC\bin\x86_amd64"  -I"C:\Program Files\NVIDIA GPU Computing Toolkit\CUDA\v8.0\include" -I"C:\Program Files\NVIDIA GPU Computing Toolkit\CUDA\v8.0\include"  -G   --keep-dir x64\Debug -maxrregcount=0 --ptxas-options=-v --machine 64 --compile -cudart static  -g   -DWIN32 -DWIN64 -D_DEBUG -D_CONSOLE -D_MBCS -Xcompiler "/EHsc /W3 /nologo /Od /FS /Zi /RTC1 /MDd " -o x64\Debug\main.cu.obj "C:\Users\jjang\Documents\E드라이브백업\연구자료\대학원\gammatone_cuda\gammatone_cuda\main.cu" 
     1>C:/Users/jjang/Documents/E드라이브백업/연구자료/대학원/gammatone_cuda/gammatone_cuda/main.cu(199): warning : return type of function "main" must be "int"
     1>C:/Users/jjang/Documents/E드라이브백업/연구자료/대학원/gammatone_cuda/gammatone_cuda/main.cu(203): warning : variable "q" was declared but never referenced
     1>C:/Users/jjang/Documents/E드라이브백업/연구자료/대학원/gammatone_cuda/gammatone_cuda/main.cu(203): warning : variable "r" was declared but never referenced
     1>C:/Users/jjang/Documents/E드라이브백업/연구자료/대학원/gammatone_cuda/gammatone_cuda/main.cu(203): warning : variable "tw_count" was declared but never referenced
     1>C:/Users/jjang/Documents/E드라이브백업/연구자료/대학원/gammatone_cuda/gammatone_cuda/main.cu(221): warning : variable "max_co" was declared but never referenced
     1>C:/Users/jjang/Documents/E드라이브백업/연구자료/대학원/gammatone_cuda/gammatone_cuda/main.cu(222): warning : variable "row_index" was declared but never referenced
     1>C:/Users/jjang/Documents/E드라이브백업/연구자료/대학원/gammatone_cuda/gammatone_cuda/main.cu(223): warning : variable "col_index" was declared but never referenced
     1>C:/Users/jjang/Documents/E드라이브백업/연구자료/대학원/gammatone_cuda/gammatone_cuda/main.cu(227): warning : variable "tmp_maxindex" was declared but never referenced
     1>C:/Users/jjang/Documents/E드라이브백업/연구자료/대학원/gammatone_cuda/gammatone_cuda/main.cu(525): warning : variable "maxvalue_double" was declared but never referenced
     1>C:/Users/jjang/Documents/E드라이브백업/연구자료/대학원/gammatone_cuda/gammatone_cuda/main.cu(526): warning : variable "maxvalue_int" was declared but never referenced
     1>C:/Users/jjang/Documents/E드라이브백업/연구자료/대학원/gammatone_cuda/gammatone_cuda/main.cu(199): warning : return type of function "main" must be "int"
     1>C:/Users/jjang/Documents/E드라이브백업/연구자료/대학원/gammatone_cuda/gammatone_cuda/main.cu(203): warning : variable "q" was declared but never referenced
     1>C:/Users/jjang/Documents/E드라이브백업/연구자료/대학원/gammatone_cuda/gammatone_cuda/main.cu(203): warning : variable "r" was declared but never referenced
     1>C:/Users/jjang/Documents/E드라이브백업/연구자료/대학원/gammatone_cuda/gammatone_cuda/main.cu(203): warning : variable "tw_count" was declared but never referenced
     1>C:/Users/jjang/Documents/E드라이브백업/연구자료/대학원/gammatone_cuda/gammatone_cuda/main.cu(221): warning : variable "max_co" was declared but never referenced
     1>C:/Users/jjang/Documents/E드라이브백업/연구자료/대학원/gammatone_cuda/gammatone_cuda/main.cu(222): warning : variable "row_index" was declared but never referenced
     1>C:/Users/jjang/Documents/E드라이브백업/연구자료/대학원/gammatone_cuda/gammatone_cuda/main.cu(223): warning : variable "col_index" was declared but never referenced
     1>C:/Users/jjang/Documents/E드라이브백업/연구자료/대학원/gammatone_cuda/gammatone_cuda/main.cu(227): warning : variable "tmp_maxindex" was declared but never referenced
     1>C:/Users/jjang/Documents/E드라이브백업/연구자료/대학원/gammatone_cuda/gammatone_cuda/main.cu(525): warning : variable "maxvalue_double" was declared but never referenced
     1>C:/Users/jjang/Documents/E드라이브백업/연구자료/대학원/gammatone_cuda/gammatone_cuda/main.cu(526): warning : variable "maxvalue_int" was declared but never referenced
         ptxas info    : 0 bytes gmem
         ptxas info    : Compiling entry function '_Z6Corr_1P6float2S0_' for 'sm_20'
         ptxas info    : Function properties for _Z6Corr_1P6float2S0_
             0 bytes stack frame, 0 bytes spill stores, 0 bytes spill loads
         ptxas info    : Used 11 registers, 48 bytes cmem[0]
         ptxas info    : Compiling entry function '_Z15initialize_overP6float2' for 'sm_20'
         ptxas info    : Function properties for _Z15initialize_overP6float2
             0 bytes stack frame, 0 bytes spill stores, 0 bytes spill loads
         ptxas info    : Used 9 registers, 40 bytes cmem[0]
         ptxas info    : Compiling entry function '_Z6Corr_3P6float2Pdii' for 'sm_20'
         ptxas info    : Function properties for _Z6Corr_3P6float2Pdii
             0 bytes stack frame, 0 bytes spill stores, 0 bytes spill loads
         ptxas info    : Used 17 registers, 56 bytes cmem[0]
         ptxas info    : Compiling entry function '_Z6Corr_2P6float2S0_S0_ii' for 'sm_20'
         ptxas info    : Function properties for _Z6Corr_2P6float2S0_S0_ii
             0 bytes stack frame, 0 bytes spill stores, 0 bytes spill loads
         ptxas info    : Used 19 registers, 64 bytes cmem[0]
         ptxas info    : Compiling entry function '_Z15initialize_corrPd' for 'sm_20'
         ptxas info    : Function properties for _Z15initialize_corrPd
             0 bytes stack frame, 0 bytes spill stores, 0 bytes spill loads
         ptxas info    : Used 10 registers, 40 bytes cmem[0]
         ptxas info    : Compiling entry function '_Z14FindMaxInArrayILj1024EEvPdS0_Pi' for 'sm_20'
         ptxas info    : Function properties for _Z14FindMaxInArrayILj1024EEvPdS0_Pi
             0 bytes stack frame, 0 bytes spill stores, 0 bytes spill loads
         ptxas info    : Used 16 registers, 12288 bytes smem, 56 bytes cmem[0]
     1>CUDACOMPILE : nvcc warning : The 'compute_20', 'sm_20', and 'sm_21' architectures are deprecated, and may be removed in a future release (Use -Wno-deprecated-gpu-targets to suppress warning).
         main.cu
     1>C:/Users/jjang/Documents/E드라이브백업/연구자료/대학원/gammatone_cuda/gammatone_cuda/main.cu(327): warning C4244: '초기화 중' : 'double'에서 'int'(으)로 변환하면서 데이터가 손실될 수 있습니다.
     1>C:/Users/jjang/Documents/E드라이브백업/연구자료/대학원/gammatone_cuda/gammatone_cuda/main.cu(330): warning C4244: '=' : 'double'에서 'float'(으)로 변환하면서 데이터가 손실될 수 있습니다.
     1>C:/Users/jjang/Documents/E드라이브백업/연구자료/대학원/gammatone_cuda/gammatone_cuda/main.cu(374): warning C4244: '=' : 'double'에서 'float'(으)로 변환하면서 데이터가 손실될 수 있습니다.
     1>C:/Users/jjang/Documents/E드라이브백업/연구자료/대학원/gammatone_cuda/gammatone_cuda/main.cu(377): warning C4244: '=' : 'double'에서 'float'(으)로 변환하면서 데이터가 손실될 수 있습니다.
     1>C:/Users/jjang/Documents/E드라이브백업/연구자료/대학원/gammatone_cuda/gammatone_cuda/main.cu(439): warning C4244: '인수' : 'double'에서 'int'(으)로 변환하면서 데이터가 손실될 수 있습니다.
     1>C:/Users/jjang/Documents/E드라이브백업/연구자료/대학원/gammatone_cuda/gammatone_cuda/main.cu(442): warning C4244: '-=' : 'double'에서 'float'(으)로 변환하면서 데이터가 손실될 수 있습니다.
     1>C:/Users/jjang/Documents/E드라이브백업/연구자료/대학원/gammatone_cuda/gammatone_cuda/main.cu(457): warning C4244: '=' : 'double'에서 'float'(으)로 변환하면서 데이터가 손실될 수 있습니다.
     1>C:/Users/jjang/Documents/E드라이브백업/연구자료/대학원/gammatone_cuda/gammatone_cuda/main.cu(203): warning C4101: 'q' :참조되지 않은 지역 변수입니다.
     1>C:/Users/jjang/Documents/E드라이브백업/연구자료/대학원/gammatone_cuda/gammatone_cuda/main.cu(203): warning C4101: 'r' :참조되지 않은 지역 변수입니다.
     1>C:/Users/jjang/Documents/E드라이브백업/연구자료/대학원/gammatone_cuda/gammatone_cuda/main.cu(526): warning C4101: 'maxvalue_int' :참조되지 않은 지역 변수입니다.
     1>C:/Users/jjang/Documents/E드라이브백업/연구자료/대학원/gammatone_cuda/gammatone_cuda/main.cu(525): warning C4101: 'maxvalue_double' :참조되지 않은 지역 변수입니다.
     1>"C:\Users\jjang\Documents\E드라이브백업\연구자료\대학원\gammatone_cuda\gammatone_cuda\gammatone_cuda.vcxproj" 프로젝트를 빌드했습니다(CudaBuildCore 대상).
     1>Link:
         C:\Program Files (x86)\Microsoft Visual Studio 12.0\VC\bin\x86_amd64\link.exe /ERRORREPORT:PROMPT /OUT:"C:\Users\jjang\Documents\E드라이브백업\연구자료\대학원\gammatone_cuda\x64\Debug\gammatone_cuda.exe" /INCREMENTAL /NOLOGO /LIBPATH:"C:\Program Files\NVIDIA GPU Computing Toolkit\CUDA\v8.0\lib\x64" cufft.lib cufft.lib cudart.lib kernel32.lib user32.lib gdi32.lib winspool.lib comdlg32.lib advapi32.lib shell32.lib ole32.lib oleaut32.lib uuid.lib odbc32.lib odbccp32.lib kernel32.lib user32.lib gdi32.lib winspool.lib comdlg32.lib advapi32.lib shell32.lib ole32.lib oleaut32.lib uuid.lib odbc32.lib odbccp32.lib /MANIFEST /MANIFESTUAC:"level='asInvoker' uiAccess='false'" /manifest:embed /DEBUG /PDB:"C:\Users\jjang\Documents\E드라이브백업\연구자료\대학원\gammatone_cuda\x64\Debug\gammatone_cuda.pdb" /SUBSYSTEM:CONSOLE /STACK:"10485760" /TLBID:1 /DYNAMICBASE /NXCOMPAT /IMPLIB:"C:\Users\jjang\Documents\E드라이브백업\연구자료\대학원\gammatone_cuda\x64\Debug\gammatone_cuda.lib" /MACHINE:X64 x64\Debug\gammatone.cu.obj
         x64\Debug\main.cu.obj
         gammatone_cuda.vcxproj -> C:\Users\jjang\Documents\E드라이브백업\연구자료\대학원\gammatone_cuda\x64\Debug\gammatone_cuda.exe
       PostBuildEvent:
         echo copy "C:\Program Files\NVIDIA GPU Computing Toolkit\CUDA\v8.0\bin\cudart*.dll" "C:\Users\jjang\Documents\E드라이브백업\연구자료\대학원\gammatone_cuda\x64\Debug\"
         copy "C:\Program Files\NVIDIA GPU Computing Toolkit\CUDA\v8.0\bin\cudart*.dll" "C:\Users\jjang\Documents\E드라이브백업\연구자료\대학원\gammatone_cuda\x64\Debug\"
         :VCEnd
         copy "C:\Program Files\NVIDIA GPU Computing Toolkit\CUDA\v8.0\bin\cudart*.dll" "C:\Users\jjang\Documents\E드라이브백업\연구자료\대학원\gammatone_cuda\x64\Debug\"
         C:\Program Files\NVIDIA GPU Computing Toolkit\CUDA\v8.0\bin\cudart32_80.dll
         C:\Program Files\NVIDIA GPU Computing Toolkit\CUDA\v8.0\bin\cudart64_80.dll
                 2개 파일이 복사되었습니다.
     1>"C:\Users\jjang\Documents\E드라이브백업\연구자료\대학원\gammatone_cuda\gammatone_cuda\gammatone_cuda.vcxproj" 프로젝트를 빌드했습니다(Build 대상).

빌드했습니다.

경과 시간: 00:00:06.71
